This file contains any messages produced by compilers while
running configure, to aid debugging if configure makes a mistake.

It was created by configure, which was
generated by GNU Autoconf 2.57.  Invocation command line was

  $ ./configure 

## --------- ##
## Platform. ##
## --------- ##

hostname = albedo-2.home
uname -m = x86_64
uname -r = 17.7.0
uname -s = Darwin
uname -v = Darwin Kernel Version 17.7.0: Wed Apr 24 21:17:24 PDT 2019; root:xnu-4570.71.45~1/RELEASE_X86_64

/usr/bin/uname -p = i386
/bin/uname -X     = unknown

/bin/arch              = unknown
/usr/bin/arch -k       = unknown
/usr/convex/getsysinfo = unknown
hostinfo               = Mach kernel version:
	 Darwin Kernel Version 17.7.0: Wed Apr 24 21:17:24 PDT 2019; root:xnu-4570.71.45~1/RELEASE_X86_64
Kernel configured for up to 8 processors.
4 processors are physically available.
8 processors are logically available.
Processor type: i486 (Intel 80486)
Processors active: 0 1 2 3 4 5 6 7
Primary memory available: 16.00 gigabytes
Default processor set: 295 tasks, 1110 threads, 8 processors
Load average: 2.12, Mach factor: 5.87
/bin/machine           = unknown
/usr/bin/oslevel       = unknown
/bin/universe          = unknown

PATH: /Users/mattei/.cabal/bin
PATH: /Users/mattei/.ghcup/bin
PATH: /Volumes/Mojave/anaconda3/bin
PATH: /Volumes/Mojave/anaconda3/condabin
PATH: /Library/Frameworks/Python.framework/Versions/3.7/bin
PATH: /usr/local/bin
PATH: /usr/bin
PATH: /bin
PATH: /usr/sbin
PATH: /sbin
PATH: /opt/X11/bin


## ----------- ##
## Core tests. ##
## ----------- ##

configure:1311: checking for a BSD-compatible install
configure:1365: result: /usr/bin/install -c
configure:1376: checking whether build environment is sane
configure:1419: result: yes
configure:1452: checking for gawk
configure:1481: result: no
configure:1452: checking for mawk
configure:1481: result: no
configure:1452: checking for nawk
configure:1481: result: no
configure:1452: checking for awk
configure:1468: found /usr/bin/awk
configure:1478: result: awk
configure:1488: checking whether make sets $(MAKE)
configure:1508: result: yes
configure:1694: checking for ranlib
configure:1710: found /usr/bin/ranlib
configure:1721: result: ranlib
configure:1754: checking for style of include used by make
configure:1782: result: GNU
configure:1853: checking for gcc
configure:1869: found /usr/bin/gcc
configure:1879: result: gcc
configure:2123: checking for C compiler version
configure:2126: gcc --version </dev/null >&5
Configured with: --prefix=/Library/Developer/CommandLineTools/usr --with-gxx-include-dir=/usr/include/c++/4.2.1
Apple LLVM version 10.0.0 (clang-1000.10.44.4)
Target: x86_64-apple-darwin17.7.0
Thread model: posix
InstalledDir: /Library/Developer/CommandLineTools/usr/bin
configure:2129: $? = 0
configure:2131: gcc -v </dev/null >&5
Configured with: --prefix=/Library/Developer/CommandLineTools/usr --with-gxx-include-dir=/usr/include/c++/4.2.1
Apple LLVM version 10.0.0 (clang-1000.10.44.4)
Target: x86_64-apple-darwin17.7.0
Thread model: posix
InstalledDir: /Library/Developer/CommandLineTools/usr/bin
configure:2134: $? = 0
configure:2136: gcc -V </dev/null >&5
clang: error: argument to '-V' is missing (expected 1 value)
clang: error: no input files
configure:2139: $? = 1
configure:2163: checking for C compiler default output
configure:2166: gcc    conftest.c  >&5
configure:2169: $? = 0
configure:2215: result: a.out
configure:2220: checking whether the C compiler works
configure:2226: ./a.out
configure:2229: $? = 0
configure:2246: result: yes
configure:2253: checking whether we are cross compiling
configure:2255: result: no
configure:2258: checking for suffix of executables
configure:2260: gcc -o conftest    conftest.c  >&5
configure:2263: $? = 0
configure:2288: result: 
configure:2294: checking for suffix of object files
configure:2316: gcc -c   conftest.c >&5
configure:2319: $? = 0
configure:2341: result: o
configure:2345: checking whether we are using the GNU C compiler
configure:2370: gcc -c   conftest.c >&5
configure:2373: $? = 0
configure:2376: test -s conftest.o
configure:2379: $? = 0
configure:2392: result: yes
configure:2398: checking whether gcc accepts -g
configure:2420: gcc -c -g  conftest.c >&5
configure:2423: $? = 0
configure:2426: test -s conftest.o
configure:2429: $? = 0
configure:2440: result: yes
configure:2457: checking for gcc option to accept ANSI C
configure:2518: gcc  -c -g -O2  conftest.c >&5
configure:2521: $? = 0
configure:2524: test -s conftest.o
configure:2527: $? = 0
configure:2545: result: none needed
configure:2563: gcc -c -g -O2  conftest.c >&5
conftest.c:2:3: error: unknown type name 'choke'
  choke me
  ^
conftest.c:2:11: error: expected ';' after top level declarator
  choke me
          ^
          ;
2 errors generated.
configure:2566: $? = 1
configure: failed program was:
| #ifndef __cplusplus
|   choke me
| #endif
configure:2677: checking dependency style of gcc
configure:2739: result: gcc3
configure:2748: checking for gcc option to accept ANSI C
configure:2812: gcc  -c -g -O2  conftest.c >&5
configure:2815: $? = 0
configure:2818: test -s conftest.o
configure:2821: $? = 0
configure:2836: result: none needed
configure:2895: checking for gcc
configure:2921: result: gcc
configure:3165: checking for C compiler version
configure:3168: gcc --version </dev/null >&5
Configured with: --prefix=/Library/Developer/CommandLineTools/usr --with-gxx-include-dir=/usr/include/c++/4.2.1
Apple LLVM version 10.0.0 (clang-1000.10.44.4)
Target: x86_64-apple-darwin17.7.0
Thread model: posix
InstalledDir: /Library/Developer/CommandLineTools/usr/bin
configure:3171: $? = 0
configure:3173: gcc -v </dev/null >&5
Configured with: --prefix=/Library/Developer/CommandLineTools/usr --with-gxx-include-dir=/usr/include/c++/4.2.1
Apple LLVM version 10.0.0 (clang-1000.10.44.4)
Target: x86_64-apple-darwin17.7.0
Thread model: posix
InstalledDir: /Library/Developer/CommandLineTools/usr/bin
configure:3176: $? = 0
configure:3178: gcc -V </dev/null >&5
clang: error: argument to '-V' is missing (expected 1 value)
clang: error: no input files
configure:3181: $? = 1
configure:3184: checking whether we are using the GNU C compiler
configure:3231: result: yes
configure:3237: checking whether gcc accepts -g
configure:3279: result: yes
configure:3296: checking for gcc option to accept ANSI C
configure:3384: result: none needed
configure:3402: gcc -c -g -O2  conftest.c >&5
conftest.c:2:3: error: unknown type name 'choke'
  choke me
  ^
conftest.c:2:11: error: expected ';' after top level declarator
  choke me
          ^
          ;
2 errors generated.
configure:3405: $? = 1
configure: failed program was:
| #ifndef __cplusplus
|   choke me
| #endif
configure:3516: checking dependency style of gcc
configure:3578: result: gcc3
configure:3591: checking for pcap_datalink in -lpcap
configure:3622: gcc -o conftest -g -O2 -Wall    conftest.c -lpcap   >&5
configure:3625: $? = 0
configure:3628: test -s conftest
configure:3631: $? = 0
configure:3643: result: yes
configure:3672: checking how to run the C preprocessor
configure:3708: gcc -E  conftest.c
configure:3714: $? = 0
configure:3746: gcc -E  conftest.c
configure:3746:10: fatal error: 'ac_nonexistent.h' file not found
#include <ac_nonexistent.h>
         ^~~~~~~~~~~~~~~~~~
1 error generated.
configure:3752: $? = 1
configure: failed program was:
| #line 3737 "configure"
| /* confdefs.h.  */
| 
| #define PACKAGE_NAME ""
| #define PACKAGE_TARNAME ""
| #define PACKAGE_VERSION ""
| #define PACKAGE_STRING ""
| #define PACKAGE_BUGREPORT ""
| #define HAVE_LIBPCAP 1
| /* end confdefs.h.  */
| #include <ac_nonexistent.h>
configure:3790: result: gcc -E
configure:3815: gcc -E  conftest.c
configure:3821: $? = 0
configure:3853: gcc -E  conftest.c
configure:3853:10: fatal error: 'ac_nonexistent.h' file not found
#include <ac_nonexistent.h>
         ^~~~~~~~~~~~~~~~~~
1 error generated.
configure:3859: $? = 1
configure: failed program was:
| #line 3844 "configure"
| /* confdefs.h.  */
| 
| #define PACKAGE_NAME ""
| #define PACKAGE_TARNAME ""
| #define PACKAGE_VERSION ""
| #define PACKAGE_STRING ""
| #define PACKAGE_BUGREPORT ""
| #define HAVE_LIBPCAP 1
| /* end confdefs.h.  */
| #include <ac_nonexistent.h>
configure:3902: checking for egrep
configure:3912: result: grep -E
configure:3917: checking for ANSI C header files
configure:3943: gcc -c -g -O2 -Wall   conftest.c >&5
configure:3946: $? = 0
configure:3949: test -s conftest.o
configure:3952: $? = 0
configure:4044: gcc -o conftest -g -O2 -Wall    conftest.c -lpcap  >&5
configure:4038:7: warning: implicitly declaring library function 'exit' with type 'void (int) __attribute__((noreturn))' [-Wimplicit-function-declaration]
      exit(2);
      ^
configure:4038:7: note: include the header <stdlib.h> or explicitly provide a declaration for 'exit'
1 warning generated.
configure:4047: $? = 0
configure:4049: ./conftest
configure:4052: $? = 0
configure:4067: result: yes
configure:4091: checking for sys/types.h
configure:4108: gcc -c -g -O2 -Wall   conftest.c >&5
configure:4111: $? = 0
configure:4114: test -s conftest.o
configure:4117: $? = 0
configure:4128: result: yes
configure:4091: checking for sys/stat.h
configure:4108: gcc -c -g -O2 -Wall   conftest.c >&5
configure:4111: $? = 0
configure:4114: test -s conftest.o
configure:4117: $? = 0
configure:4128: result: yes
configure:4091: checking for stdlib.h
configure:4108: gcc -c -g -O2 -Wall   conftest.c >&5
configure:4111: $? = 0
configure:4114: test -s conftest.o
configure:4117: $? = 0
configure:4128: result: yes
configure:4091: checking for string.h
configure:4108: gcc -c -g -O2 -Wall   conftest.c >&5
configure:4111: $? = 0
configure:4114: test -s conftest.o
configure:4117: $? = 0
configure:4128: result: yes
configure:4091: checking for memory.h
configure:4108: gcc -c -g -O2 -Wall   conftest.c >&5
configure:4111: $? = 0
configure:4114: test -s conftest.o
configure:4117: $? = 0
configure:4128: result: yes
configure:4091: checking for strings.h
configure:4108: gcc -c -g -O2 -Wall   conftest.c >&5
configure:4111: $? = 0
configure:4114: test -s conftest.o
configure:4117: $? = 0
configure:4128: result: yes
configure:4091: checking for inttypes.h
configure:4108: gcc -c -g -O2 -Wall   conftest.c >&5
configure:4111: $? = 0
configure:4114: test -s conftest.o
configure:4117: $? = 0
configure:4128: result: yes
configure:4091: checking for stdint.h
configure:4108: gcc -c -g -O2 -Wall   conftest.c >&5
configure:4111: $? = 0
configure:4114: test -s conftest.o
configure:4117: $? = 0
configure:4128: result: yes
configure:4091: checking for unistd.h
configure:4108: gcc -c -g -O2 -Wall   conftest.c >&5
configure:4111: $? = 0
configure:4114: test -s conftest.o
configure:4117: $? = 0
configure:4128: result: yes
configure:4160: checking arpa/inet.h usability
configure:4173: gcc -c -g -O2 -Wall   conftest.c >&5
configure:4176: $? = 0
configure:4179: test -s conftest.o
configure:4182: $? = 0
configure:4192: result: yes
configure:4196: checking arpa/inet.h presence
configure:4207: gcc -E  conftest.c
configure:4213: $? = 0
configure:4232: result: yes
configure:4268: checking for arpa/inet.h
configure:4275: result: yes
configure:4160: checking netdb.h usability
configure:4173: gcc -c -g -O2 -Wall   conftest.c >&5
configure:4176: $? = 0
configure:4179: test -s conftest.o
configure:4182: $? = 0
configure:4192: result: yes
configure:4196: checking netdb.h presence
configure:4207: gcc -E  conftest.c
configure:4213: $? = 0
configure:4232: result: yes
configure:4268: checking for netdb.h
configure:4275: result: yes
configure:4160: checking netinet/in.h usability
configure:4173: gcc -c -g -O2 -Wall   conftest.c >&5
configure:4176: $? = 0
configure:4179: test -s conftest.o
configure:4182: $? = 0
configure:4192: result: yes
configure:4196: checking netinet/in.h presence
configure:4207: gcc -E  conftest.c
configure:4213: $? = 0
configure:4232: result: yes
configure:4268: checking for netinet/in.h
configure:4275: result: yes
configure:4151: checking for stdlib.h
configure:4156: result: yes
configure:4160: checking sys/ioctl.h usability
configure:4173: gcc -c -g -O2 -Wall   conftest.c >&5
configure:4176: $? = 0
configure:4179: test -s conftest.o
configure:4182: $? = 0
configure:4192: result: yes
configure:4196: checking sys/ioctl.h presence
configure:4207: gcc -E  conftest.c
configure:4213: $? = 0
configure:4232: result: yes
configure:4268: checking for sys/ioctl.h
configure:4275: result: yes
configure:4160: checking sys/socket.h usability
configure:4173: gcc -c -g -O2 -Wall   conftest.c >&5
configure:4176: $? = 0
configure:4179: test -s conftest.o
configure:4182: $? = 0
configure:4192: result: yes
configure:4196: checking sys/socket.h presence
configure:4207: gcc -E  conftest.c
configure:4213: $? = 0
configure:4232: result: yes
configure:4268: checking for sys/socket.h
configure:4275: result: yes
configure:4151: checking for unistd.h
configure:4156: result: yes
configure:4296: checking for an ANSI C-conforming const
configure:4364: gcc -c -g -O2 -Wall   conftest.c >&5
configure:4354:17: warning: unused variable 's' [-Wunused-variable]
    char const *s = 0 ? (char *) 0 : (char const *) 0;
                ^
configure:4374:15: warning: unused variable 'foo' [-Wunused-variable]
    const int foo = 10;
              ^
configure:4335:17: warning: unused variable 'x' [-Wunused-variable]
  const charset x;
                ^
configure:4341:29: warning: unused variable 'zero' [-Wunused-variable]
  static struct point const zero = {0,0};
                            ^
configure:4356:6: warning: variable 't' is uninitialized when used here [-Wuninitialized]
    *t++ = 0;
     ^
configure:4353:12: note: initialize the variable 't' to silence this warning
    char *t;
           ^
            = 0
configure:4371:18: warning: variable 'b' is uninitialized when used here [-Wuninitialized]
    struct s *b; b->j = 5;
                 ^
configure:4371:16: note: initialize the variable 'b' to silence this warning
    struct s *b; b->j = 5;
               ^
                = 0
6 warnings generated.
configure:4367: $? = 0
configure:4370: test -s conftest.o
configure:4373: $? = 0
configure:4384: result: yes
configure:4394: checking for inline
configure:4416: gcc -c -g -O2 -Wall   conftest.c >&5
configure:4429:21: warning: unused function 'static_foo' [-Wunused-function]
static inline foo_t static_foo () {return 0; }
                    ^
1 warning generated.
configure:4419: $? = 0
configure:4422: test -s conftest.o
configure:4425: $? = 0
configure:4437: result: inline
configure:4455: checking whether gcc needs -traditional
configure:4507:10: fatal error: 'termio.h' file not found
#include <termio.h>
         ^~~~~~~~~~
1 error generated.
configure:4499: result: no
configure:4511: checking for stdlib.h
configure:4516: result: yes
configure:4648: checking for GNU libc compatible malloc
configure:4678: gcc -o conftest -g -O2 -Wall    conftest.c -lpcap  >&5
configure:4681: $? = 0
configure:4683: ./conftest
configure:4686: $? = 0
configure:4700: result: yes
configure:4723: checking return type of signal handlers
configure:4755: gcc -c -g -O2 -Wall   conftest.c >&5
configure:4770:5: warning: unused variable 'i' [-Wunused-variable]
int i;
    ^
1 warning generated.
configure:4758: $? = 0
configure:4761: test -s conftest.o
configure:4764: $? = 0
configure:4775: result: void
configure:4790: checking for gethostbyaddr
configure:4840: gcc -o conftest -g -O2 -Wall    conftest.c -lpcap  >&5
configure:4843: $? = 0
configure:4846: test -s conftest
configure:4849: $? = 0
configure:4860: result: yes
configure:4790: checking for inet_ntoa
configure:4840: gcc -o conftest -g -O2 -Wall    conftest.c -lpcap  >&5
configure:4843: $? = 0
configure:4846: test -s conftest
configure:4849: $? = 0
configure:4860: result: yes
configure:4790: checking for memset
configure:4840: gcc -o conftest -g -O2 -Wall    conftest.c -lpcap  >&5
configure:4842:6: warning: incompatible redeclaration of library function 'memset' [-Wincompatible-library-redeclaration]
char memset ();
     ^
configure:4842:6: note: 'memset' is a builtin with type 'void *(void *, int, unsigned long)'
1 warning generated.
configure:4843: $? = 0
configure:4846: test -s conftest
configure:4849: $? = 0
configure:4860: result: yes
configure:4790: checking for socket
configure:4840: gcc -o conftest -g -O2 -Wall    conftest.c -lpcap  >&5
configure:4843: $? = 0
configure:4846: test -s conftest
configure:4849: $? = 0
configure:4860: result: yes
configure:4872: checking for hcreate_r
configure:4922: gcc -o conftest -g -O2 -Wall    conftest.c -lpcap  >&5
Undefined symbols for architecture x86_64:
  "_hcreate_r", referenced from:
      _main in conftest-2ae136.o
      _f in conftest-2ae136.o
ld: symbol(s) not found for architecture x86_64
clang: error: linker command failed with exit code 1 (use -v to see invocation)
configure:4925: $? = 1
configure: failed program was:
| #line 4877 "configure"
| /* confdefs.h.  */
| 
| #define PACKAGE_NAME ""
| #define PACKAGE_TARNAME ""
| #define PACKAGE_VERSION ""
| #define PACKAGE_STRING ""
| #define PACKAGE_BUGREPORT ""
| #define HAVE_LIBPCAP 1
| #define STDC_HEADERS 1
| #define HAVE_SYS_TYPES_H 1
| #define HAVE_SYS_STAT_H 1
| #define HAVE_STDLIB_H 1
| #define HAVE_STRING_H 1
| #define HAVE_MEMORY_H 1
| #define HAVE_STRINGS_H 1
| #define HAVE_INTTYPES_H 1
| #define HAVE_STDINT_H 1
| #define HAVE_UNISTD_H 1
| #define HAVE_ARPA_INET_H 1
| #define HAVE_NETDB_H 1
| #define HAVE_NETINET_IN_H 1
| #define HAVE_STDLIB_H 1
| #define HAVE_SYS_IOCTL_H 1
| #define HAVE_SYS_SOCKET_H 1
| #define HAVE_UNISTD_H 1
| #define HAVE_STDLIB_H 1
| #define HAVE_MALLOC 1
| #define RETSIGTYPE void
| #define HAVE_GETHOSTBYADDR 1
| #define HAVE_INET_NTOA 1
| #define HAVE_MEMSET 1
| #define HAVE_SOCKET 1
| /* end confdefs.h.  */
| /* System header to define __stub macros and hopefully few prototypes,
|     which can conflict with char hcreate_r (); below.
|     Prefer <limits.h> to <assert.h> if __STDC__ is defined, since
|     <limits.h> exists even on freestanding compilers.  */
| #ifdef __STDC__
| # include <limits.h>
| #else
| # include <assert.h>
| #endif
| /* Override any gcc2 internal prototype to avoid an error.  */
| #ifdef __cplusplus
| extern "C"
| {
| #endif
| /* We use char because int might match the return type of a gcc2
|    builtin and then its argument prototype would still apply.  */
| char hcreate_r ();
| /* The GNU C library defines this for functions which it implements
|     to always fail with ENOSYS.  Some functions are actually named
|     something starting with __ and the normal name is an alias.  */
| #if defined (__stub_hcreate_r) || defined (__stub___hcreate_r)
| choke me
| #else
| char (*f) () = hcreate_r;
| #endif
| #ifdef __cplusplus
| }
| #endif
| 
| int
| main ()
| {
| return f != hcreate_r;
|   ;
|   return 0;
| }
configure:4942: result: no
configure:4953: checking for ether_ntoa
configure:5003: gcc -o conftest -g -O2 -Wall    conftest.c -lpcap  >&5
configure:5006: $? = 0
configure:5009: test -s conftest
configure:5012: $? = 0
configure:5023: result: yes
configure:5049: checking netinet/ether.h usability
configure:5062: gcc -c -g -O2 -Wall   conftest.c >&5
configure:5119:10: fatal error: 'netinet/ether.h' file not found
#include <netinet/ether.h>
         ^~~~~~~~~~~~~~~~~
1 error generated.
configure:5065: $? = 1
configure: failed program was:
| #line 5051 "configure"
| /* confdefs.h.  */
| 
| #define PACKAGE_NAME ""
| #define PACKAGE_TARNAME ""
| #define PACKAGE_VERSION ""
| #define PACKAGE_STRING ""
| #define PACKAGE_BUGREPORT ""
| #define HAVE_LIBPCAP 1
| #define STDC_HEADERS 1
| #define HAVE_SYS_TYPES_H 1
| #define HAVE_SYS_STAT_H 1
| #define HAVE_STDLIB_H 1
| #define HAVE_STRING_H 1
| #define HAVE_MEMORY_H 1
| #define HAVE_STRINGS_H 1
| #define HAVE_INTTYPES_H 1
| #define HAVE_STDINT_H 1
| #define HAVE_UNISTD_H 1
| #define HAVE_ARPA_INET_H 1
| #define HAVE_NETDB_H 1
| #define HAVE_NETINET_IN_H 1
| #define HAVE_STDLIB_H 1
| #define HAVE_SYS_IOCTL_H 1
| #define HAVE_SYS_SOCKET_H 1
| #define HAVE_UNISTD_H 1
| #define HAVE_STDLIB_H 1
| #define HAVE_MALLOC 1
| #define RETSIGTYPE void
| #define HAVE_GETHOSTBYADDR 1
| #define HAVE_INET_NTOA 1
| #define HAVE_MEMSET 1
| #define HAVE_SOCKET 1
| #define HAVE_ETHER_NTOA
| /* end confdefs.h.  */
| #include <stdio.h>
| #if HAVE_SYS_TYPES_H
| # include <sys/types.h>
| #endif
| #if HAVE_SYS_STAT_H
| # include <sys/stat.h>
| #endif
| #if STDC_HEADERS
| # include <stdlib.h>
| # include <stddef.h>
| #else
| # if HAVE_STDLIB_H
| #  include <stdlib.h>
| # endif
| #endif
| #if HAVE_STRING_H
| # if !STDC_HEADERS && HAVE_MEMORY_H
| #  include <memory.h>
| # endif
| # include <string.h>
| #endif
| #if HAVE_STRINGS_H
| # include <strings.h>
| #endif
| #if HAVE_INTTYPES_H
| # include <inttypes.h>
| #else
| # if HAVE_STDINT_H
| #  include <stdint.h>
| # endif
| #endif
| #if HAVE_UNISTD_H
| # include <unistd.h>
| #endif
| #include <netinet/ether.h>
configure:5081: result: no
configure:5085: checking netinet/ether.h presence
configure:5096: gcc -E  conftest.c
configure:5121:10: fatal error: 'netinet/ether.h' file not found
#include <netinet/ether.h>
         ^~~~~~~~~~~~~~~~~
1 error generated.
configure:5102: $? = 1
configure: failed program was:
| #line 5087 "configure"
| /* confdefs.h.  */
| 
| #define PACKAGE_NAME ""
| #define PACKAGE_TARNAME ""
| #define PACKAGE_VERSION ""
| #define PACKAGE_STRING ""
| #define PACKAGE_BUGREPORT ""
| #define HAVE_LIBPCAP 1
| #define STDC_HEADERS 1
| #define HAVE_SYS_TYPES_H 1
| #define HAVE_SYS_STAT_H 1
| #define HAVE_STDLIB_H 1
| #define HAVE_STRING_H 1
| #define HAVE_MEMORY_H 1
| #define HAVE_STRINGS_H 1
| #define HAVE_INTTYPES_H 1
| #define HAVE_STDINT_H 1
| #define HAVE_UNISTD_H 1
| #define HAVE_ARPA_INET_H 1
| #define HAVE_NETDB_H 1
| #define HAVE_NETINET_IN_H 1
| #define HAVE_STDLIB_H 1
| #define HAVE_SYS_IOCTL_H 1
| #define HAVE_SYS_SOCKET_H 1
| #define HAVE_UNISTD_H 1
| #define HAVE_STDLIB_H 1
| #define HAVE_MALLOC 1
| #define RETSIGTYPE void
| #define HAVE_GETHOSTBYADDR 1
| #define HAVE_INET_NTOA 1
| #define HAVE_MEMSET 1
| #define HAVE_SOCKET 1
| #define HAVE_ETHER_NTOA
| /* end confdefs.h.  */
| #include <netinet/ether.h>
configure:5121: result: no
configure:5157: checking for netinet/ether.h
configure:5164: result: no
configure:5189: checking build system type
configure:5207: result: i386-apple-darwin17.7.0
configure:5215: checking host system type
configure:5229: result: i386-apple-darwin17.7.0
configure:5434: creating ./config.status

## ---------------------- ##
## Running config.status. ##
## ---------------------- ##

This file was extended by config.status, which was
generated by GNU Autoconf 2.57.  Invocation command line was

  CONFIG_FILES    = 
  CONFIG_HEADERS  = 
  CONFIG_LINKS    = 
  CONFIG_COMMANDS = 
  $ ./config.status 

on albedo-2.home

config.status:660: creating Makefile
config.status:660: creating sfutil/Makefile
config.status:764: creating config.h
config.status:897: config.h is unchanged
config.status:1003: executing depfiles commands

## ---------------- ##
## Cache variables. ##
## ---------------- ##

ac_cv_build=i386-apple-darwin17.7.0
ac_cv_build_alias=i386-apple-darwin17.7.0
ac_cv_c_compiler_gnu=yes
ac_cv_c_const=yes
ac_cv_c_inline=inline
ac_cv_env_CC_set=
ac_cv_env_CC_value=
ac_cv_env_CFLAGS_set=
ac_cv_env_CFLAGS_value=
ac_cv_env_CPPFLAGS_set=
ac_cv_env_CPPFLAGS_value=
ac_cv_env_CPP_set=
ac_cv_env_CPP_value=
ac_cv_env_LDFLAGS_set=
ac_cv_env_LDFLAGS_value=
ac_cv_env_build_alias_set=
ac_cv_env_build_alias_value=
ac_cv_env_host_alias_set=
ac_cv_env_host_alias_value=
ac_cv_env_target_alias_set=
ac_cv_env_target_alias_value=
ac_cv_exeext=
ac_cv_func_ether_ntoa=yes
ac_cv_func_gethostbyaddr=yes
ac_cv_func_hcreate_r=no
ac_cv_func_inet_ntoa=yes
ac_cv_func_malloc_0_nonnull=yes
ac_cv_func_memset=yes
ac_cv_func_socket=yes
ac_cv_header_arpa_inet_h=yes
ac_cv_header_inttypes_h=yes
ac_cv_header_memory_h=yes
ac_cv_header_netdb_h=yes
ac_cv_header_netinet_ether_h=no
ac_cv_header_netinet_in_h=yes
ac_cv_header_stdc=yes
ac_cv_header_stdint_h=yes
ac_cv_header_stdlib_h=yes
ac_cv_header_string_h=yes
ac_cv_header_strings_h=yes
ac_cv_header_sys_ioctl_h=yes
ac_cv_header_sys_socket_h=yes
ac_cv_header_sys_stat_h=yes
ac_cv_header_sys_types_h=yes
ac_cv_header_unistd_h=yes
ac_cv_host=i386-apple-darwin17.7.0
ac_cv_host_alias=i386-apple-darwin17.7.0
ac_cv_lib_pcap_pcap_datalink=yes
ac_cv_objext=o
ac_cv_path_install='/usr/bin/install -c'
ac_cv_prog_AWK=awk
ac_cv_prog_CPP='gcc -E'
ac_cv_prog_ac_ct_CC=gcc
ac_cv_prog_ac_ct_RANLIB=ranlib
ac_cv_prog_cc_g=yes
ac_cv_prog_cc_stdc=
ac_cv_prog_egrep='grep -E'
ac_cv_prog_gcc_traditional=no
ac_cv_prog_make_make_set=yes
ac_cv_type_signal=void
am_cv_CC_dependencies_compiler_type=gcc3
am_cv_prog_cc_stdc=

## ----------------- ##
## Output variables. ##
## ----------------- ##

ACLOCAL='${SHELL} /Volumes/Mojave/Users/mattei/Dropbox/git/snif-1.0/missing --run aclocal-1.6'
AMDEPBACKSLASH='\'
AMDEP_FALSE='#'
AMDEP_TRUE=''
AMTAR='${SHELL} /Volumes/Mojave/Users/mattei/Dropbox/git/snif-1.0/missing --run tar'
AUTOCONF='${SHELL} /Volumes/Mojave/Users/mattei/Dropbox/git/snif-1.0/missing --run autoconf'
AUTOHEADER='${SHELL} /Volumes/Mojave/Users/mattei/Dropbox/git/snif-1.0/missing --run autoheader'
AUTOMAKE='${SHELL} /Volumes/Mojave/Users/mattei/Dropbox/git/snif-1.0/missing --run automake-1.6'
AWK='awk'
CC='gcc'
CCDEPMODE='depmode=gcc3'
CFLAGS='-g -O2 -Wall '
CPP='gcc -E'
CPPFLAGS=''
DEFS='-DHAVE_CONFIG_H'
DEPDIR='.deps'
ECHO_C='ECHO_N=''
ECHO_T=''
EGREP='grep -E'
EXEEXT=''
INCLUDES='-I$(top_srcdir) -I$(top_srcdir)/sfutil'
INSTALL_DATA='${INSTALL} -m 644'
INSTALL_PROGRAM='${INSTALL}'
INSTALL_SCRIPT='${INSTALL}'
INSTALL_STRIP_PROGRAM='${SHELL} $(install_sh) -c -s'
LDFLAGS=''
LIBOBJS=''
LIBS='-lpcap '
LTLIBOBJS=''
MAKEINFO='${SHELL} /Volumes/Mojave/Users/mattei/Dropbox/git/snif-1.0/missing --run makeinfo'
OBJEXT='o'
PACKAGE='snif'
PACKAGE_BUGREPORT=''
PACKAGE_NAME=''
PACKAGE_STRING=''
PACKAGE_TARNAME=''
PACKAGE_VERSION=''
PATH_SEPARATOR=':'
RANLIB='ranlib'
SET_MAKE=''
SHELL='/bin/sh'
STRIP=''
VERSION='1.0'
ac_ct_CC='gcc'
ac_ct_RANLIB='ranlib'
ac_ct_STRIP=''
am__include='include'
am__quote=''
bindir='${exec_prefix}/bin'
build='i386-apple-darwin17.7.0'
build_alias=''
build_cpu='i386'
build_os='darwin17.7.0'
build_vendor='apple'
datadir='${prefix}/share'
exec_prefix='${prefix}'
host='i386-apple-darwin17.7.0'
host_alias=''
host_cpu='i386'
host_os='darwin17.7.0'
host_vendor='apple'
includedir='${prefix}/include'
infodir='${prefix}/info'
install_sh='/Volumes/Mojave/Users/mattei/Dropbox/git/snif-1.0/install-sh'
libdir='${exec_prefix}/lib'
libexecdir='${exec_prefix}/libexec'
localstatedir='${prefix}/var'
mandir='${prefix}/man'
oldincludedir='/usr/include'
prefix='/usr/local'
program_transform_name='s,x,x,'
sbindir='${exec_prefix}/sbin'
sharedstatedir='${prefix}/com'
sysconfdir='${prefix}/etc'
target_alias=''

## ----------- ##
## confdefs.h. ##
## ----------- ##

#define HAVE_ARPA_INET_H 1
#define HAVE_ETHER_NTOA
#define HAVE_GETHOSTBYADDR 1
#define HAVE_INET_NTOA 1
#define HAVE_INTTYPES_H 1
#define HAVE_LIBPCAP 1
#define HAVE_MALLOC 1
#define HAVE_MEMORY_H 1
#define HAVE_MEMSET 1
#define HAVE_NETDB_H 1
#define HAVE_NETINET_IN_H 1
#define HAVE_SOCKET 1
#define HAVE_STDINT_H 1
#define HAVE_STDLIB_H 1
#define HAVE_STDLIB_H 1
#define HAVE_STDLIB_H 1
#define HAVE_STRINGS_H 1
#define HAVE_STRING_H 1
#define HAVE_SYS_IOCTL_H 1
#define HAVE_SYS_SOCKET_H 1
#define HAVE_SYS_STAT_H 1
#define HAVE_SYS_TYPES_H 1
#define HAVE_UNISTD_H 1
#define HAVE_UNISTD_H 1
#define PACKAGE_BUGREPORT ""
#define PACKAGE_NAME ""
#define PACKAGE_STRING ""
#define PACKAGE_TARNAME ""
#define PACKAGE_VERSION ""
#define RETSIGTYPE void
#define STDC_HEADERS 1

configure: exit 0
